{
  message: ' Database is connected successfully',
  level: 'info',
  label: 'UM',
  timestamp: '2023-06-12T17:37:14.950Z'
}
{
  message: 'Application listening on port 5000',
  level: 'info',
  label: 'UM',
  timestamp: '2023-06-12T17:37:14.992Z'
}
{
  message: ' Database is connected successfully',
  level: 'info',
  label: 'UM',
  timestamp: '2023-06-12T17:39:24.977Z'
}
{
  message: 'Application listening on port 5000',
  level: 'info',
  label: 'UM',
  timestamp: '2023-06-12T17:39:24.987Z'
}
{
  message: ' Database is connected successfully',
  level: 'info',
  label: 'UM',
  timestamp: '2023-06-12T17:39:34.143Z'
}
{
  message: 'Application listening on port 5000',
  level: 'info',
  label: 'UM',
  timestamp: '2023-06-12T17:39:34.153Z'
}
{
  message: ' Database is connected successfully',
  level: 'info',
  label: 'UM',
  timestamp: '2023-06-12T17:45:27.824Z'
}
{
  message: 'Application listening on port 5000',
  level: 'info',
  label: 'UM',
  timestamp: '2023-06-12T17:45:27.839Z'
}
{
  message: ' Database is connected successfully',
  level: 'info',
  label: 'UM',
  timestamp: '2023-06-12T17:46:42.774Z'
}
{
  message: 'Application listening on port 5000',
  level: 'info',
  label: 'UM',
  timestamp: '2023-06-12T17:46:42.790Z'
}
{
  message: ' Database is connected successfully',
  level: 'info',
  label: 'UM',
  timestamp: '2023-06-12T17:47:04.085Z'
}
{
  message: 'Application listening on port 5000',
  level: 'info',
  label: 'UM',
  timestamp: '2023-06-12T17:47:04.111Z'
}
{
  message: ' Database is connected successfully',
  level: 'info',
  label: 'UM',
  timestamp: '2023-06-12T17:47:23.085Z'
}
{
  message: 'Application listening on port 5000',
  level: 'info',
  label: 'UM',
  timestamp: '2023-06-12T17:47:23.101Z'
}
{
  message: ' Database is connected successfully',
  level: 'info',
  label: 'UM',
  timestamp: '2023-06-12T17:47:37.305Z'
}
{
  message: 'Application listening on port 5000',
  level: 'info',
  label: 'UM',
  timestamp: '2023-06-12T17:47:37.335Z'
}
{
  message: ' Database is connected successfully',
  level: 'info',
  label: 'UM',
  timestamp: '2023-06-12T17:48:19.119Z'
}
{
  message: 'Application listening on port 5000',
  level: 'info',
  label: 'UM',
  timestamp: '2023-06-12T17:48:19.169Z'
}
{
  message: ' Database is connected successfully',
  level: 'info',
  label: 'UM',
  timestamp: '2023-06-12T17:49:08.777Z'
}
{
  message: 'Application listening on port 5000',
  level: 'info',
  label: 'UM',
  timestamp: '2023-06-12T17:49:08.804Z'
}
{
  message: ' Database is connected successfully',
  level: 'info',
  label: 'UM',
  timestamp: '2023-06-12T17:49:23.149Z'
}
{
  message: 'Application listening on port 5000',
  level: 'info',
  label: 'UM',
  timestamp: '2023-06-12T17:49:23.169Z'
}
{
  message: ' Database is connected successfully',
  level: 'info',
  label: 'UM',
  timestamp: '2023-06-12T17:51:17.194Z'
}
{
  message: 'Application listening on port 5000',
  level: 'info',
  label: 'UM',
  timestamp: '2023-06-12T17:51:17.204Z'
}
{
  message: ' Database is connected successfully',
  level: 'info',
  label: 'UM',
  timestamp: '2023-06-12T17:51:40.481Z'
}
{
  message: 'Application listening on port 5000',
  level: 'info',
  label: 'UM',
  timestamp: '2023-06-12T17:51:40.517Z'
}
{
  message: ' Database is connected successfully',
  level: 'info',
  label: 'UM',
  timestamp: '2023-06-12T17:53:22.277Z'
}
{
  message: 'Application listening on port 5000',
  level: 'info',
  label: 'UM',
  timestamp: '2023-06-12T17:53:22.293Z'
}
{
  message: ' Database is connected successfully',
  level: 'info',
  label: 'UM',
  timestamp: '2023-06-12T17:55:06.780Z'
}
{
  message: 'Application listening on port 5000',
  level: 'info',
  label: 'UM',
  timestamp: '2023-06-12T17:55:06.806Z'
}
{
  message: ' Database is connected successfully',
  level: 'info',
  label: 'UM',
  timestamp: '2023-06-12T17:56:40.797Z'
}
{
  message: 'Application listening on port 5000',
  level: 'info',
  label: 'UM',
  timestamp: '2023-06-12T17:56:40.814Z'
}
{
  message: ' Database is connected successfully',
  level: 'info',
  label: 'UM',
  timestamp: '2023-06-12T17:56:48.078Z'
}
{
  message: 'Application listening on port 5000',
  level: 'info',
  label: 'UM',
  timestamp: '2023-06-12T17:56:48.089Z'
}
{
  message: ' Database is connected successfully',
  level: 'info',
  label: 'UM',
  timestamp: '2023-06-12T17:56:52.873Z'
}
{
  message: 'Application listening on port 5000',
  level: 'info',
  label: 'UM',
  timestamp: '2023-06-12T17:56:52.903Z'
}
{
  message: ' Database is connected successfully',
  level: 'info',
  label: 'UM',
  timestamp: '2023-06-12T17:57:59.095Z'
}
{
  message: 'Application listening on port 5000',
  level: 'info',
  label: 'UM',
  timestamp: '2023-06-12T17:57:59.107Z'
}
