{
  message: ' Database is connected successfully',
  level: 'info',
  label: 'UM',
  timestamp: '2023-06-12T12:09:32.997Z'
}
{
  message: 'Application listening on port 5000',
  level: 'info',
  label: 'UM',
  timestamp: '2023-06-12T12:09:33.040Z'
}
{
  message: ' Database is connected successfully',
  level: 'info',
  label: 'UM',
  timestamp: '2023-06-12T12:09:47.479Z'
}
{
  message: 'Application listening on port 5000',
  level: 'info',
  label: 'UM',
  timestamp: '2023-06-12T12:09:47.507Z'
}
{
  message: ' Database is connected successfully',
  level: 'info',
  label: 'UM',
  timestamp: '2023-06-12T12:14:20.172Z'
}
{
  message: 'Application listening on port 5000',
  level: 'info',
  label: 'UM',
  timestamp: '2023-06-12T12:14:20.216Z'
}
{
  message: ' Database is connected successfully',
  level: 'info',
  label: 'UM',
  timestamp: '2023-06-12T12:15:03.150Z'
}
{
  message: 'Application listening on port 5000',
  level: 'info',
  label: 'UM',
  timestamp: '2023-06-12T12:15:03.178Z'
}
{
  message: ' Database is connected successfully',
  level: 'info',
  label: 'UM',
  timestamp: '2023-06-12T12:15:19.449Z'
}
{
  message: 'Application listening on port 5000',
  level: 'info',
  label: 'UM',
  timestamp: '2023-06-12T12:15:19.485Z'
}
{
  message: ' Database is connected successfully',
  level: 'info',
  label: 'UM',
  timestamp: '2023-06-12T12:16:33.146Z'
}
{
  message: 'Application listening on port 5000',
  level: 'info',
  label: 'UM',
  timestamp: '2023-06-12T12:16:33.159Z'
}
{
  message: ' Database is connected successfully',
  level: 'info',
  label: 'UM',
  timestamp: '2023-06-12T12:18:21.019Z'
}
{
  message: 'Application listening on port 5000',
  level: 'info',
  label: 'UM',
  timestamp: '2023-06-12T12:18:21.047Z'
}
{
  message: ' Database is connected successfully',
  level: 'info',
  label: 'UM',
  timestamp: '2023-06-12T12:18:39.741Z'
}
{
  message: 'Application listening on port 5000',
  level: 'info',
  label: 'UM',
  timestamp: '2023-06-12T12:18:39.756Z'
}
{
  message: ' Database is connected successfully',
  level: 'info',
  label: 'UM',
  timestamp: '2023-06-12T12:18:50.265Z'
}
{
  message: 'Application listening on port 5000',
  level: 'info',
  label: 'UM',
  timestamp: '2023-06-12T12:18:50.283Z'
}
{
  message: ' Database is connected successfully',
  level: 'info',
  label: 'UM',
  timestamp: '2023-06-12T12:21:06.578Z'
}
{
  message: 'Application listening on port 5000',
  level: 'info',
  label: 'UM',
  timestamp: '2023-06-12T12:21:06.595Z'
}
{
  message: ' Database is connected successfully',
  level: 'info',
  label: 'UM',
  timestamp: '2023-06-12T12:22:29.148Z'
}
{
  message: 'Application listening on port 5000',
  level: 'info',
  label: 'UM',
  timestamp: '2023-06-12T12:22:29.169Z'
}
{
  message: ' Database is connected successfully',
  level: 'info',
  label: 'UM',
  timestamp: '2023-06-12T12:23:01.407Z'
}
{
  message: 'Application listening on port 5000',
  level: 'info',
  label: 'UM',
  timestamp: '2023-06-12T12:23:01.430Z'
}
{
  message: ' Database is connected successfully',
  level: 'info',
  label: 'UM',
  timestamp: '2023-06-12T12:24:26.323Z'
}
{
  message: 'Application listening on port 5000',
  level: 'info',
  label: 'UM',
  timestamp: '2023-06-12T12:24:26.336Z'
}
{
  message: ' Database is connected successfully',
  level: 'info',
  label: 'UM',
  timestamp: '2023-06-12T12:27:08.871Z'
}
{
  message: 'Application listening on port 5000',
  level: 'info',
  label: 'UM',
  timestamp: '2023-06-12T12:27:08.890Z'
}
{
  message: ' Database is connected successfully',
  level: 'info',
  label: 'UM',
  timestamp: '2023-06-12T12:35:35.277Z'
}
{
  message: 'Application listening on port 5000',
  level: 'info',
  label: 'UM',
  timestamp: '2023-06-12T12:35:35.288Z'
}
{
  message: ' Database is connected successfully',
  level: 'info',
  label: 'UM',
  timestamp: '2023-06-12T12:36:18.451Z'
}
{
  message: 'Application listening on port 5000',
  level: 'info',
  label: 'UM',
  timestamp: '2023-06-12T12:36:18.478Z'
}
{
  message: ' Database is connected successfully',
  level: 'info',
  label: 'UM',
  timestamp: '2023-06-12T12:36:54.439Z'
}
{
  message: 'Application listening on port 5000',
  level: 'info',
  label: 'UM',
  timestamp: '2023-06-12T12:36:54.473Z'
}
{
  message: ' Database is connected successfully',
  level: 'info',
  label: 'UM',
  timestamp: '2023-06-12T12:37:33.930Z'
}
{
  message: 'Application listening on port 5000',
  level: 'info',
  label: 'UM',
  timestamp: '2023-06-12T12:37:33.955Z'
}
{
  message: ' Database is connected successfully',
  level: 'info',
  label: 'UM',
  timestamp: '2023-06-12T12:37:42.817Z'
}
{
  message: 'Application listening on port 5000',
  level: 'info',
  label: 'UM',
  timestamp: '2023-06-12T12:37:42.836Z'
}
{
  message: ' Database is connected successfully',
  level: 'info',
  label: 'UM',
  timestamp: '2023-06-12T12:37:58.768Z'
}
{
  message: 'Application listening on port 5000',
  level: 'info',
  label: 'UM',
  timestamp: '2023-06-12T12:37:58.791Z'
}
{
  message: ' Database is connected successfully',
  level: 'info',
  label: 'UM',
  timestamp: '2023-06-12T12:38:13.366Z'
}
{
  message: 'Application listening on port 5000',
  level: 'info',
  label: 'UM',
  timestamp: '2023-06-12T12:38:13.384Z'
}
{
  message: ' Database is connected successfully',
  level: 'info',
  label: 'UM',
  timestamp: '2023-06-12T12:38:27.169Z'
}
{
  message: 'Application listening on port 5000',
  level: 'info',
  label: 'UM',
  timestamp: '2023-06-12T12:38:27.214Z'
}
{
  message: ' Database is connected successfully',
  level: 'info',
  label: 'UM',
  timestamp: '2023-06-12T12:38:34.157Z'
}
{
  message: 'Application listening on port 5000',
  level: 'info',
  label: 'UM',
  timestamp: '2023-06-12T12:38:34.172Z'
}
{
  message: ' Database is connected successfully',
  level: 'info',
  label: 'UM',
  timestamp: '2023-06-12T12:38:38.117Z'
}
{
  message: 'Application listening on port 5000',
  level: 'info',
  label: 'UM',
  timestamp: '2023-06-12T12:38:38.150Z'
}
{
  message: ' Database is connected successfully',
  level: 'info',
  label: 'UM',
  timestamp: '2023-06-12T12:38:58.639Z'
}
{
  message: 'Application listening on port 5000',
  level: 'info',
  label: 'UM',
  timestamp: '2023-06-12T12:38:58.659Z'
}
{
  message: ' Database is connected successfully',
  level: 'info',
  label: 'UM',
  timestamp: '2023-06-12T12:40:38.931Z'
}
{
  message: 'Application listening on port 5000',
  level: 'info',
  label: 'UM',
  timestamp: '2023-06-12T12:40:38.947Z'
}
{
  message: ' Database is connected successfully',
  level: 'info',
  label: 'UM',
  timestamp: '2023-06-12T12:40:53.936Z'
}
{
  message: 'Application listening on port 5000',
  level: 'info',
  label: 'UM',
  timestamp: '2023-06-12T12:40:53.951Z'
}
{
  message: ' Database is connected successfully',
  level: 'info',
  label: 'UM',
  timestamp: '2023-06-12T12:44:02.500Z'
}
{
  message: 'Application listening on port 5000',
  level: 'info',
  label: 'UM',
  timestamp: '2023-06-12T12:44:02.525Z'
}
{
  message: ' Database is connected successfully',
  level: 'info',
  label: 'UM',
  timestamp: '2023-06-12T12:45:23.814Z'
}
{
  message: 'Application listening on port 5000',
  level: 'info',
  label: 'UM',
  timestamp: '2023-06-12T12:45:23.826Z'
}
