{
  message: ' Database is connected successfully',
  level: 'info',
  label: 'UM',
  timestamp: '2023-06-12T11:49:15.336Z'
}
{
  message: 'Application listening on port 5000',
  level: 'info',
  label: 'UM',
  timestamp: '2023-06-12T11:49:15.353Z'
}
{
  message: ' Database is connected successfully',
  level: 'info',
  label: 'UM',
  timestamp: '2023-06-12T11:53:01.594Z'
}
{
  message: 'Application listening on port 5000',
  level: 'info',
  label: 'UM',
  timestamp: '2023-06-12T11:53:01.605Z'
}
{
  message: ' Database is connected successfully',
  level: 'info',
  label: 'UM',
  timestamp: '2023-06-12T11:53:44.225Z'
}
{
  message: 'Application listening on port 5000',
  level: 'info',
  label: 'UM',
  timestamp: '2023-06-12T11:53:44.266Z'
}
{
  message: ' Database is connected successfully',
  level: 'info',
  label: 'UM',
  timestamp: '2023-06-12T11:53:56.734Z'
}
{
  message: 'Application listening on port 5000',
  level: 'info',
  label: 'UM',
  timestamp: '2023-06-12T11:53:56.764Z'
}
{
  message: ' Database is connected successfully',
  level: 'info',
  label: 'UM',
  timestamp: '2023-06-12T11:54:31.205Z'
}
{
  message: 'Application listening on port 5000',
  level: 'info',
  label: 'UM',
  timestamp: '2023-06-12T11:54:31.242Z'
}
{
  message: ' Database is connected successfully',
  level: 'info',
  label: 'UM',
  timestamp: '2023-06-12T11:56:30.407Z'
}
{
  message: 'Application listening on port 5000',
  level: 'info',
  label: 'UM',
  timestamp: '2023-06-12T11:56:30.431Z'
}
{
  message: ' Database is connected successfully',
  level: 'info',
  label: 'UM',
  timestamp: '2023-06-12T11:57:32.476Z'
}
{
  message: 'Application listening on port 5000',
  level: 'info',
  label: 'UM',
  timestamp: '2023-06-12T11:57:32.511Z'
}
{
  message: ' Database is connected successfully',
  level: 'info',
  label: 'UM',
  timestamp: '2023-06-12T11:57:53.525Z'
}
{
  message: 'Application listening on port 5000',
  level: 'info',
  label: 'UM',
  timestamp: '2023-06-12T11:57:53.549Z'
}
