{
  message: ' Database is connected successfully',
  level: 'info',
  label: 'UM',
  timestamp: '2023-06-12T14:20:44.557Z'
}
{
  message: 'Application listening on port 5000',
  level: 'info',
  label: 'UM',
  timestamp: '2023-06-12T14:20:44.581Z'
}
{
  message: ' Database is connected successfully',
  level: 'info',
  label: 'UM',
  timestamp: '2023-06-12T14:27:19.781Z'
}
{
  message: 'Application listening on port 5000',
  level: 'info',
  label: 'UM',
  timestamp: '2023-06-12T14:27:19.812Z'
}
{
  message: ' Database is connected successfully',
  level: 'info',
  label: 'UM',
  timestamp: '2023-06-12T14:29:27.993Z'
}
{
  message: 'Application listening on port 5000',
  level: 'info',
  label: 'UM',
  timestamp: '2023-06-12T14:29:28.035Z'
}
{
  message: ' Database is connected successfully',
  level: 'info',
  label: 'UM',
  timestamp: '2023-06-12T14:29:39.651Z'
}
{
  message: 'Application listening on port 5000',
  level: 'info',
  label: 'UM',
  timestamp: '2023-06-12T14:29:39.676Z'
}
{
  message: ' Database is connected successfully',
  level: 'info',
  label: 'UM',
  timestamp: '2023-06-12T14:30:27.244Z'
}
{
  message: 'Application listening on port 5000',
  level: 'info',
  label: 'UM',
  timestamp: '2023-06-12T14:30:27.257Z'
}
{
  message: ' Database is connected successfully',
  level: 'info',
  label: 'UM',
  timestamp: '2023-06-12T14:32:20.236Z'
}
{
  message: 'Application listening on port 5000',
  level: 'info',
  label: 'UM',
  timestamp: '2023-06-12T14:32:20.253Z'
}
{
  message: ' Database is connected successfully',
  level: 'info',
  label: 'UM',
  timestamp: '2023-06-12T14:32:31.512Z'
}
{
  message: 'Application listening on port 5000',
  level: 'info',
  label: 'UM',
  timestamp: '2023-06-12T14:32:31.537Z'
}
{
  message: ' Database is connected successfully',
  level: 'info',
  label: 'UM',
  timestamp: '2023-06-12T14:35:06.959Z'
}
{
  message: 'Application listening on port 5000',
  level: 'info',
  label: 'UM',
  timestamp: '2023-06-12T14:35:06.990Z'
}
{
  message: ' Database is connected successfully',
  level: 'info',
  label: 'UM',
  timestamp: '2023-06-12T14:35:47.694Z'
}
{
  message: 'Application listening on port 5000',
  level: 'info',
  label: 'UM',
  timestamp: '2023-06-12T14:35:47.710Z'
}
{
  message: ' Database is connected successfully',
  level: 'info',
  label: 'UM',
  timestamp: '2023-06-12T14:37:28.386Z'
}
{
  message: 'Application listening on port 5000',
  level: 'info',
  label: 'UM',
  timestamp: '2023-06-12T14:37:28.405Z'
}
{
  message: ' Database is connected successfully',
  level: 'info',
  label: 'UM',
  timestamp: '2023-06-12T14:37:39.424Z'
}
{
  message: 'Application listening on port 5000',
  level: 'info',
  label: 'UM',
  timestamp: '2023-06-12T14:37:39.441Z'
}
{
  message: ' Database is connected successfully',
  level: 'info',
  label: 'UM',
  timestamp: '2023-06-12T14:37:50.516Z'
}
{
  message: 'Application listening on port 5000',
  level: 'info',
  label: 'UM',
  timestamp: '2023-06-12T14:37:50.532Z'
}
{
  message: ' Database is connected successfully',
  level: 'info',
  label: 'UM',
  timestamp: '2023-06-12T14:40:54.939Z'
}
{
  message: 'Application listening on port 5000',
  level: 'info',
  label: 'UM',
  timestamp: '2023-06-12T14:40:54.951Z'
}
{
  message: ' Database is connected successfully',
  level: 'info',
  label: 'UM',
  timestamp: '2023-06-12T14:42:00.844Z'
}
{
  message: 'Application listening on port 5000',
  level: 'info',
  label: 'UM',
  timestamp: '2023-06-12T14:42:00.855Z'
}
